-------------------------------------------------------------------------------
Test set: testPackage.MainPageTest
-------------------------------------------------------------------------------
Tests run: 1, Failures: 0, Errors: 1, Skipped: 0, Time elapsed: 0.001 s <<< FAILURE! - in testPackage.MainPageTest
testPackage.MainPageTest.initializationError  Time elapsed: 0 s  <<< ERROR!
org.junit.runners.model.InvalidTestClassError: 
Invalid test class 'testPackage.MainPageTest':
  1. No runnable methods

